{
    "cameras": [
        "wide",
        "cam0",
        "cam1"
    ],
    "internal_callibration_type": "single",
    "pattern_internal": "chessboard",
    "pattern_external": "chessboard",
    "pattern_size_internal": [
        36,
        14
    ],
    "pattern_size_external": [
        8,
        11
    ],
    "pattern_square_size_internal": 0.009,
    "pattern_square_size_external": 0.023
}
wide transformation matrix: [[1. 0. 0. 0.]
 [0. 1. 0. 0.]
 [0. 0. 1. 0.]
 [0. 0. 0. 1.]]
cam0 has 280 successful images
cam0 transformation matrix: [[ 0.99800471  0.02826376 -0.05646031 -0.00473484]
 [-0.02852063  0.99958617 -0.00374884 -0.16795023]
 [ 0.05633099  0.00535164  0.99839781  0.00975973]
 [ 0.          0.          0.          1.        ]]
cam1 has 191 successful images
cam1 transformation matrix: [[ 0.99555993  0.03948747 -0.0854469  -0.00417126]
 [-0.03747011  0.99898281  0.02508654  0.15864221]
 [ 0.08635058 -0.02177345  0.99602685  0.00879796]
 [ 0.          0.          0.          1.        ]]
cam0 has RMS projection error to wide: 0.1831296238654582, RMS projection error to ground truth: 0.08050971344147988. RMS error between wide and ground truth: 0.08247366057909343
cam1 has RMS projection error to wide: 0.18683174243728345, RMS projection error to ground truth: 0.11660122571009297. RMS error between wide and ground truth: 0.11975772482588588
