cam2 has mtx: [[1.19025198e+03 0.00000000e+00 6.25144014e+02]
 [0.00000000e+00 1.18378968e+03 4.66457905e+02]
 [0.00000000e+00 0.00000000e+00 1.00000000e+00]]
cam2 has dist: [[ 0.14005917 -0.88526113 -0.00217275 -0.00521907  1.13866743]]
cam2 has reprojection error: 0.026816508719664924
cam1 has mtx: [[1.18524455e+03 0.00000000e+00 5.96493246e+02]
 [0.00000000e+00 1.18441558e+03 5.05180090e+02]
 [0.00000000e+00 0.00000000e+00 1.00000000e+00]]
cam1 has dist: [[ 0.12373032 -0.8288433   0.00376311 -0.00754082  1.10967303]]
cam1 has reprojection error: 0.019634554990255133
cam0 has mtx: [[1.16409775e+03 0.00000000e+00 6.42835070e+02]
 [0.00000000e+00 1.16247514e+03 5.01603271e+02]
 [0.00000000e+00 0.00000000e+00 1.00000000e+00]]
cam0 has dist: [[ 1.25457561e-01 -8.88662406e-01  1.88011004e-03 -7.06873972e-04
   1.35062472e+00]]
cam0 has reprojection error: 0.03696686028483364
cam2 has mtx: [[1.19025198e+03 0.00000000e+00 6.25144014e+02]
 [0.00000000e+00 1.18378968e+03 4.66457905e+02]
 [0.00000000e+00 0.00000000e+00 1.00000000e+00]]
cam2 has dist: [[ 0.14005917 -0.88526113 -0.00217275 -0.00521907  1.13866743]]
cam2 has reprojection error: 0.026816508719664924
cam1 has mtx: [[1.18524455e+03 0.00000000e+00 5.96493246e+02]
 [0.00000000e+00 1.18441558e+03 5.05180090e+02]
 [0.00000000e+00 0.00000000e+00 1.00000000e+00]]
cam1 has dist: [[ 0.12373032 -0.8288433   0.00376311 -0.00754082  1.10967303]]
cam1 has reprojection error: 0.019634554990255133
cam0 has mtx: [[1.16409775e+03 0.00000000e+00 6.42835070e+02]
 [0.00000000e+00 1.16247514e+03 5.01603271e+02]
 [0.00000000e+00 0.00000000e+00 1.00000000e+00]]
cam0 has dist: [[ 1.25457561e-01 -8.88662406e-01  1.88011004e-03 -7.06873972e-04
   1.35062472e+00]]
cam0 has reprojection error: 0.03696686028483364
