{
    "cameras": [
        "wide",
        "cam0",
        "cam1"
    ],
    "internal_callibration_type": "single",
    "pattern_internal": "chessboard",
    "pattern_external": "chessboard",
    "pattern_size_internal": [
        36,
        14
    ],
    "pattern_size_external": [
        8,
        11
    ],
    "pattern_square_size_internal": 0.009,
    "pattern_square_size_external": 0.023
}
wide transformation matrix: [[1. 0. 0. 0.]
 [0. 1. 0. 0.]
 [0. 0. 1. 0.]
 [0. 0. 0. 1.]]
cam0 has 280 successful images
cam0 transformation matrix: [[ 0.99837978  0.02590899 -0.05066102 -0.00307914]
 [-0.02296954  0.9980658   0.05776728 -0.22581097]
 [ 0.05205973 -0.05651003  0.99704383 -0.1619968 ]
 [ 0.          0.          0.          1.        ]]
cam1 has 191 successful images
cam1 transformation matrix: [[ 0.9993977   0.03261653 -0.01184891 -0.05851142]
 [-0.03348858  0.99599285 -0.08292625  0.24635914]
 [ 0.00909667  0.0832731   0.99648524 -0.09387541]
 [ 0.          0.          0.          1.        ]]
cam0 has RMS projection error to wide: 0.31988918018655776, RMS projection error to ground truth: 0.10467969303663194. RMS error between wide and ground truth: 0.10633799883713589
cam1 has RMS projection error to wide: 0.27326645409232, RMS projection error to ground truth: 0.11381103485278421. RMS error between wide and ground truth: 0.11604126620449312
