{
    "cameras": [
        "wide",
        "cam0",
        "cam1"
    ],
    "internal_callibration_type": "single",
    "pattern_internal": "chessboard",
    "pattern_external": "chessboard",
    "pattern_size_internal": [
        36,
        14
    ],
    "pattern_size_external": [
        8,
        11
    ],
    "pattern_square_size_internal": 0.009,
    "pattern_square_size_external": 0.023
}
Image points already exist
wide has 56 successful images
wide has reprojection error: 0.017291474320692553
cam0 has 120 successful images
cam0 has reprojection error: 0.016336888564119367
cam1 has 103 successful images
cam1 has reprojection error: 0.014725444384966434
